
========================[ Jun 24, 2014  9:32 AM ]========================
Version 2.2.21 [Jun-14-2009]
Started database file "all.fna"
Formatted 27 sequences in volume 0
SUCCESS: formatted database all.fna

========================[ Jun 24, 2014  9:32 AM ]========================
Version 2.2.21 [Jun-14-2009]
Started database file "all.fna"
Formatted 27 sequences in volume 0
SUCCESS: formatted database all.fna

========================[ Jun 24, 2014  9:32 AM ]========================
Version 2.2.21 [Jun-14-2009]
Started database file "all.fna"
Formatted 27 sequences in volume 0
SUCCESS: formatted database all.fna

========================[ Jun 24, 2014  9:32 AM ]========================
Version 2.2.21 [Jun-14-2009]
Started database file "all.fna"
Formatted 27 sequences in volume 0
SUCCESS: formatted database all.fna

========================[ Jun 24, 2014  9:32 AM ]========================
Version 2.2.21 [Jun-14-2009]
Started database file "all.fna"
Formatted 27 sequences in volume 0
SUCCESS: formatted database all.fna

========================[ Jun 24, 2014  9:32 AM ]========================
Version 2.2.21 [Jun-14-2009]
Started database file "all.fna"
Formatted 27 sequences in volume 0
SUCCESS: formatted database all.fna

========================[ Jun 24, 2014  9:32 AM ]========================
Version 2.2.21 [Jun-14-2009]
Started database file "all.fna"
Formatted 27 sequences in volume 0
SUCCESS: formatted database all.fna

========================[ Jun 24, 2014  9:33 AM ]========================
Version 2.2.21 [Jun-14-2009]
Started database file "all.fna"
Formatted 27 sequences in volume 0
SUCCESS: formatted database all.fna

========================[ Jun 24, 2014  9:33 AM ]========================
Version 2.2.21 [Jun-14-2009]
Started database file "all.fna"
Formatted 27 sequences in volume 0
SUCCESS: formatted database all.fna

========================[ Jun 24, 2014  9:33 AM ]========================
Version 2.2.21 [Jun-14-2009]
Started database file "all.fna"
Formatted 27 sequences in volume 0
SUCCESS: formatted database all.fna

========================[ Jun 24, 2014  9:33 AM ]========================
Version 2.2.21 [Jun-14-2009]
Started database file "all.fna"
Formatted 27 sequences in volume 0
SUCCESS: formatted database all.fna

========================[ Jun 24, 2014  9:33 AM ]========================
Version 2.2.21 [Jun-14-2009]
Started database file "all.fna"
Formatted 27 sequences in volume 0
SUCCESS: formatted database all.fna

========================[ Jun 24, 2014  9:33 AM ]========================
Version 2.2.21 [Jun-14-2009]
Started database file "all.fna"
Formatted 27 sequences in volume 0
SUCCESS: formatted database all.fna

========================[ Jun 24, 2014  9:33 AM ]========================
Version 2.2.21 [Jun-14-2009]
Started database file "all.fna"
Formatted 27 sequences in volume 0
SUCCESS: formatted database all.fna

========================[ Jun 24, 2014  9:33 AM ]========================
Version 2.2.21 [Jun-14-2009]
Started database file "all.fna"
Formatted 27 sequences in volume 0
SUCCESS: formatted database all.fna

========================[ Jun 24, 2014  9:33 AM ]========================
Version 2.2.21 [Jun-14-2009]
Started database file "all.fna"
Formatted 27 sequences in volume 0
SUCCESS: formatted database all.fna

========================[ Jun 24, 2014  9:33 AM ]========================
Version 2.2.21 [Jun-14-2009]
Started database file "all.fna"
Formatted 27 sequences in volume 0
SUCCESS: formatted database all.fna

========================[ Jun 24, 2014  9:33 AM ]========================
Version 2.2.21 [Jun-14-2009]
Started database file "all.fna"
Formatted 27 sequences in volume 0
SUCCESS: formatted database all.fna

========================[ Jun 24, 2014  9:33 AM ]========================
Version 2.2.21 [Jun-14-2009]
Started database file "all.fna"
Formatted 27 sequences in volume 0
SUCCESS: formatted database all.fna

========================[ Jun 24, 2014  9:33 AM ]========================
Version 2.2.21 [Jun-14-2009]
Started database file "all.fna"
Formatted 27 sequences in volume 0
SUCCESS: formatted database all.fna

========================[ Jun 24, 2014  9:33 AM ]========================
Version 2.2.21 [Jun-14-2009]
Started database file "all.fna"
Formatted 27 sequences in volume 0
SUCCESS: formatted database all.fna

========================[ Jun 24, 2014  9:33 AM ]========================
Version 2.2.21 [Jun-14-2009]
Started database file "all.fna"
Formatted 27 sequences in volume 0
SUCCESS: formatted database all.fna

========================[ Jun 24, 2014  9:33 AM ]========================
Version 2.2.21 [Jun-14-2009]
Started database file "all.fna"
Formatted 27 sequences in volume 0
SUCCESS: formatted database all.fna

========================[ Jun 24, 2014  9:33 AM ]========================
Version 2.2.21 [Jun-14-2009]
Started database file "all.fna"
Formatted 27 sequences in volume 0
SUCCESS: formatted database all.fna

========================[ Jun 24, 2014  9:33 AM ]========================
Version 2.2.21 [Jun-14-2009]
Started database file "all.fna"
Formatted 27 sequences in volume 0
SUCCESS: formatted database all.fna

========================[ Jun 24, 2014  9:34 AM ]========================
Version 2.2.21 [Jun-14-2009]
Started database file "all.fna"
Formatted 27 sequences in volume 0
SUCCESS: formatted database all.fna

========================[ Jun 24, 2014  9:34 AM ]========================
Version 2.2.21 [Jun-14-2009]
Started database file "all.fna"
Formatted 27 sequences in volume 0
SUCCESS: formatted database all.fna

========================[ Jun 24, 2014 10:31 AM ]========================
Version 2.2.21 [Jun-14-2009]
Started database file "all.fna"
Formatted 27 sequences in volume 0
SUCCESS: formatted database all.fna

========================[ Jun 24, 2014 10:32 AM ]========================
Version 2.2.21 [Jun-14-2009]
Started database file "all.fna"
Formatted 27 sequences in volume 0
SUCCESS: formatted database all.fna

========================[ Jun 24, 2014 10:33 AM ]========================
Version 2.2.21 [Jun-14-2009]
Started database file "all.fna"
Formatted 27 sequences in volume 0
SUCCESS: formatted database all.fna

========================[ Jun 24, 2014 10:35 AM ]========================
Version 2.2.21 [Jun-14-2009]
Started database file "all.fna"
Formatted 27 sequences in volume 0
SUCCESS: formatted database all.fna

========================[ Jun 24, 2014 10:36 AM ]========================
Version 2.2.21 [Jun-14-2009]
Started database file "all.fna"
Formatted 27 sequences in volume 0
SUCCESS: formatted database all.fna

========================[ Jun 24, 2014 11:13 AM ]========================
Version 2.2.21 [Jun-14-2009]
Started database file "all.fna"
Formatted 27 sequences in volume 0
SUCCESS: formatted database all.fna

========================[ Jun 25, 2014 10:38 AM ]========================
Version 2.2.21 [Jun-14-2009]
Started database file "all.fna"
Formatted 27 sequences in volume 0
SUCCESS: formatted database all.fna

========================[ Jun 25, 2014 10:38 AM ]========================
Version 2.2.21 [Jun-14-2009]
Started database file "all.fna"
Formatted 27 sequences in volume 0
SUCCESS: formatted database all.fna

========================[ Jun 25, 2014 10:38 AM ]========================
Version 2.2.21 [Jun-14-2009]
Started database file "all.fna"
Formatted 27 sequences in volume 0
SUCCESS: formatted database all.fna

========================[ Jun 25, 2014 10:38 AM ]========================
Version 2.2.21 [Jun-14-2009]
Started database file "all.fna"
Formatted 27 sequences in volume 0
SUCCESS: formatted database all.fna

========================[ Jun 25, 2014 10:43 AM ]========================
Version 2.2.26 [Sep-21-2011]
Started database file "all.fna"
Formatted 27 sequences in volume 0
SUCCESS: formatted database all.fna

========================[ Jun 25, 2014 10:43 AM ]========================
Version 2.2.26 [Sep-21-2011]
Started database file "all.fna"
Formatted 27 sequences in volume 0
SUCCESS: formatted database all.fna

========================[ Jun 25, 2014 10:43 AM ]========================
Version 2.2.26 [Sep-21-2011]
Started database file "all.fna"
Formatted 27 sequences in volume 0
SUCCESS: formatted database all.fna

========================[ Jun 25, 2014 10:44 AM ]========================
Version 2.2.26 [Sep-21-2011]
Started database file "all.fna"
Formatted 27 sequences in volume 0
SUCCESS: formatted database all.fna

========================[ Jun 25, 2014 10:44 AM ]========================
Version 2.2.26 [Sep-21-2011]
Started database file "all.fna"
Formatted 27 sequences in volume 0
SUCCESS: formatted database all.fna

========================[ Jun 25, 2014 10:44 AM ]========================
Version 2.2.26 [Sep-21-2011]
Started database file "all.fna"
Formatted 27 sequences in volume 0
SUCCESS: formatted database all.fna

========================[ Jun 25, 2014 10:44 AM ]========================
Version 2.2.26 [Sep-21-2011]
Started database file "all.fna"
Formatted 27 sequences in volume 0
SUCCESS: formatted database all.fna

========================[ Jun 25, 2014 10:44 AM ]========================
Version 2.2.26 [Sep-21-2011]
Started database file "all.fna"
Formatted 27 sequences in volume 0
SUCCESS: formatted database all.fna

========================[ Jun 25, 2014 10:44 AM ]========================
Version 2.2.26 [Sep-21-2011]
Started database file "all.fna"
Formatted 27 sequences in volume 0
SUCCESS: formatted database all.fna

========================[ Jun 25, 2014 10:44 AM ]========================
Version 2.2.26 [Sep-21-2011]
Started database file "all.fna"
Formatted 27 sequences in volume 0
SUCCESS: formatted database all.fna

========================[ Jun 25, 2014 10:44 AM ]========================
Version 2.2.26 [Sep-21-2011]
Started database file "all.fna"
Formatted 27 sequences in volume 0
SUCCESS: formatted database all.fna

========================[ Jun 25, 2014 10:44 AM ]========================
Version 2.2.26 [Sep-21-2011]
Started database file "all.fna"
Formatted 27 sequences in volume 0
SUCCESS: formatted database all.fna

========================[ Jun 25, 2014 10:44 AM ]========================
Version 2.2.26 [Sep-21-2011]
Started database file "all.fna"
Formatted 27 sequences in volume 0
SUCCESS: formatted database all.fna

========================[ Jun 25, 2014 10:44 AM ]========================
Version 2.2.26 [Sep-21-2011]
Started database file "all.fna"
Formatted 27 sequences in volume 0
SUCCESS: formatted database all.fna

========================[ Jun 25, 2014 10:44 AM ]========================
Version 2.2.26 [Sep-21-2011]
Started database file "all.fna"
Formatted 27 sequences in volume 0
SUCCESS: formatted database all.fna

========================[ Jun 25, 2014 10:44 AM ]========================
Version 2.2.26 [Sep-21-2011]
Started database file "all.fna"
Formatted 27 sequences in volume 0
SUCCESS: formatted database all.fna

========================[ Jun 25, 2014 10:44 AM ]========================
Version 2.2.26 [Sep-21-2011]
Started database file "all.fna"
Formatted 27 sequences in volume 0
SUCCESS: formatted database all.fna

========================[ Jun 25, 2014 10:44 AM ]========================
Version 2.2.26 [Sep-21-2011]
Started database file "all.fna"
Formatted 27 sequences in volume 0
SUCCESS: formatted database all.fna

========================[ Jun 25, 2014 10:44 AM ]========================
Version 2.2.26 [Sep-21-2011]
Started database file "all.fna"
Formatted 27 sequences in volume 0
SUCCESS: formatted database all.fna

========================[ Jun 25, 2014 10:44 AM ]========================
Version 2.2.26 [Sep-21-2011]
Started database file "all.fna"
Formatted 27 sequences in volume 0
SUCCESS: formatted database all.fna

========================[ Jun 25, 2014 10:44 AM ]========================
Version 2.2.26 [Sep-21-2011]
Started database file "all.fna"
Formatted 27 sequences in volume 0
SUCCESS: formatted database all.fna

========================[ Jun 25, 2014 10:44 AM ]========================
Version 2.2.26 [Sep-21-2011]
Started database file "all.fna"
Formatted 27 sequences in volume 0
SUCCESS: formatted database all.fna

========================[ Jun 25, 2014 10:44 AM ]========================
Version 2.2.26 [Sep-21-2011]
Started database file "all.fna"
Formatted 27 sequences in volume 0
SUCCESS: formatted database all.fna

========================[ Jun 25, 2014 10:45 AM ]========================
Version 2.2.26 [Sep-21-2011]
Started database file "all.fna"
Formatted 27 sequences in volume 0
SUCCESS: formatted database all.fna

========================[ Jun 25, 2014 10:45 AM ]========================
Version 2.2.26 [Sep-21-2011]
Started database file "all.fna"
Formatted 27 sequences in volume 0
SUCCESS: formatted database all.fna

========================[ Jun 25, 2014 10:45 AM ]========================
Version 2.2.26 [Sep-21-2011]
Started database file "all.fna"
Formatted 27 sequences in volume 0
SUCCESS: formatted database all.fna

========================[ Jun 25, 2014 10:45 AM ]========================
Version 2.2.26 [Sep-21-2011]
Started database file "all.fna"
Formatted 27 sequences in volume 0
SUCCESS: formatted database all.fna

========================[ Jun 25, 2014 11:10 AM ]========================
Version 2.2.26 [Sep-21-2011]
Started database file "all.fna"
Formatted 27 sequences in volume 0
SUCCESS: formatted database all.fna

========================[ Jun 25, 2014 11:10 AM ]========================
Version 2.2.26 [Sep-21-2011]
Started database file "all.fna"
Formatted 27 sequences in volume 0
SUCCESS: formatted database all.fna

========================[ Jun 25, 2014 11:10 AM ]========================
Version 2.2.26 [Sep-21-2011]
Started database file "all.fna"
Formatted 27 sequences in volume 0
SUCCESS: formatted database all.fna

========================[ Jun 25, 2014 11:13 AM ]========================
Version 2.2.26 [Sep-21-2011]
Started database file "all.fna"
Formatted 27 sequences in volume 0
SUCCESS: formatted database all.fna
